Jan 30 14:25:15 SERVER-01 Microsoft-Windows-Security-Auditing[4625]: An account failed to log on. Subject: Security ID: NULL SID Account Name: - Account Domain: - Logon ID: 0x0 Logon Type: 3 Account For Which Logon Failed: Security ID: NULL SID Account Name: administrator Account Domain: CORP Failure Information: Failure Reason: Unknown user name or bad password. Status: 0xC000006D Sub Status: 0xC000006A Process Information: Caller Process ID: 0x0 Caller Process Name: - Network Information: Workstation Name: HACKER-PC Source Network Address: 192.168.1.50 Source Port: 54321
Jan 30 14:25:16 SERVER-01 Microsoft-Windows-Security-Auditing[4625]: An account failed to log on. Subject: Security ID: NULL SID Account Name: - Account Domain: - Logon ID: 0x0 Logon Type: 3 Account For Which Logon Failed: Security ID: NULL SID Account Name: administrator Account Domain: CORP Failure Information: Failure Reason: Unknown user name or bad password. Status: 0xC000006D Sub Status: 0xC000006A Process Information: Caller Process ID: 0x0 Caller Process Name: - Network Information: Workstation Name: HACKER-PC Source Network Address: 192.168.1.50 Source Port: 54322
Jan 30 14:25:17 SERVER-01 Microsoft-Windows-Security-Auditing[4625]: An account failed to log on. Subject: Security ID: NULL SID Account Name: - Account Domain: - Logon ID: 0x0 Logon Type: 3 Account For Which Logon Failed: Security ID: NULL SID Account Name: administrator Account Domain: CORP Failure Information: Failure Reason: Unknown user name or bad password. Status: 0xC000006D Sub Status: 0xC000006A Process Information: Caller Process ID: 0x0 Caller Process Name: - Network Information: Workstation Name: HACKER-PC Source Network Address: 192.168.1.50 Source Port: 54323
Jan 30 14:25:18 SERVER-01 Microsoft-Windows-Security-Auditing[4625]: An account failed to log on. Subject: Security ID: NULL SID Account Name: - Account Domain: - Logon ID: 0x0 Logon Type: 3 Account For Which Logon Failed: Security ID: NULL SID Account Name: administrator Account Domain: CORP Failure Information: Failure Reason: Unknown user name or bad password. Status: 0xC000006D Sub Status: 0xC000006A Process Information: Caller Process ID: 0x0 Caller Process Name: - Network Information: Workstation Name: HACKER-PC Source Network Address: 192.168.1.50 Source Port: 54324
Jan 30 14:25:19 SERVER-01 Microsoft-Windows-Security-Auditing[4625]: An account failed to log on. Subject: Security ID: NULL SID Account Name: - Account Domain: - Logon ID: 0x0 Logon Type: 3 Account For Which Logon Failed: Security ID: NULL SID Account Name: administrator Account Domain: CORP Failure Information: Failure Reason: Unknown user name or bad password. Status: 0xC000006D Sub Status: 0xC000006A Process Information: Caller Process ID: 0x0 Caller Process Name: - Network Information: Workstation Name: HACKER-PC Source Network Address: 192.168.1.50 Source Port: 54325
Jan 30 02:15:33 DC-01 Microsoft-Windows-Security-Auditing[4720]: A user account was created. Subject: Security ID: S-1-5-21-1234567890-123456789-123456789-500 Account Name: administrator Account Domain: CORP Logon ID: 0x12345 New Account: Security ID: S-1-5-21-1234567890-123456789-123456789-1001 Account Name: backdoor_user Account Domain: CORP Attributes: - Account Domain Name: CORP.LOCAL Old UAC Value: - New UAC Value: 0x15 User Account Control: Account Disabled Password Not Required Normal Account
Jan 30 14:35:22 WORKSTATION-01 Microsoft-Windows-Security-Auditing[4688]: A new process has been created. Creator Subject: Security ID: S-1-5-18 Account Name: SYSTEM Account Domain: NT AUTHORITY Logon ID: 0x3E7 Target Subject: Security ID: S-1-5-18 Account Name: SYSTEM Account Domain: NT AUTHORITY Logon ID: 0x3E7 Process Information: New Process ID: 0x1234 New Process Name: C:\Windows\System32\WindowsPowerShell\v1.0\powershell.exe Token Elevation Type: Default Creator Process ID: 0x5678 Creator Process Name: C:\Windows\System32\cmd.exe Process Command Line: powershell.exe -ExecutionPolicy Bypass -EncodedCommand JABzAD0ATgBlAHcALQBPAGIAagBlAGMAdAA=
